23:21:32| ****************************************
23:21:32| Part 2
23:21:32| 
23:21:32| File: verysmall.bmp
23:21:32| Number of drawing commands = 80
23:21:32| Number of threads created  = 2
23:21:40| 
23:21:40| File: verysmall-loops.bmp
23:21:41| Number of drawing commands = 322
23:21:41| Number of threads created  = 6
23:21:50| 
23:21:50| File: small.bmp
23:21:54| Number of drawing commands = 1670
23:21:54| Number of threads created  = 18
23:22:06| 
23:22:06| File: small-loops.bmp
23:22:13| Number of drawing commands = 2028
23:22:13| Number of threads created  = 31
23:22:23| 
23:22:23| File: small-odd.bmp
23:22:31| Number of drawing commands = 2178
23:22:31| Number of threads created  = 178
23:22:41| 
23:22:41| File: small-open.bmp
23:22:41| Number of drawing commands = 2516
23:22:41| Number of threads created  = 301
23:22:53| 
23:22:53| File: large.bmp
23:22:53| Number of drawing commands = 31340
23:22:53| Number of threads created  = 369
23:22:56| 
23:22:56| File: large-loops.bmp
23:22:56| Number of drawing commands = 31574
23:22:56| Number of threads created  = 537
23:22:59| ****************************************
