18:30:06| finished reading file
18:30:07| name: Wicket Systri Warrick
18:30:08| name: Padmé Amidala
18:30:09| name: Ki-Adi-Mundi
18:30:10| name: Wedge Antilles
18:30:11| name: Shaak Ti
18:30:12| name: Leia Organa
18:30:13| name: R5-D4
18:30:14| name: Grievous
18:30:15| name: Kit Fisto
18:30:16| name: R2-D2
18:30:17| name: Sly Moore
18:30:19| name: Poggle the Lesser
18:30:20| name: Ayla Secura
18:30:21| name: Adi Gallia
18:30:22| name: Mace Windu
18:30:23| name: Saesee Tiin
18:30:24| name: Tarfful
18:30:25| name: R4-P17
18:30:26| name: Eeth Koth
18:30:27| name: Darth Vader
18:30:28| name: Palpatine
18:30:29| name: Wat Tambor
18:30:30| name: Luke Skywalker
18:30:31| name: Tion Medon
18:30:32| name: Wilhuff Tarkin
18:30:33| name: Dooku
18:30:34| name: Luminara Unduli
18:30:35| name: Chewbacca
18:30:36| name: Raymus Antilles
18:30:37| name: Beru Whitesun lars
18:30:38| name: Yoda
18:30:39| name: Owen Lars
18:30:40| name: C-3PO
18:30:41| name: Anakin Skywalker
18:30:42| name: Nute Gunray
18:30:43| name: Plo Koon
18:30:44| name: Bail Prestor Organa
18:30:45| name: Obi-Wan Kenobi
